<?xml version="1.0" encoding="UTF-8"?>
<!-- Generated by org.testng.reporters.JUnitXMLReporter -->
<testsuite ignored="0" hostname="LAPTOP-YENNIFER" failures="0" tests="6" name="Default test" time="86.081" errors="0" timestamp="2024-12-28T08:51:27 WIB">
  <testcase classname="com.example.cart_functionality.CartFunctionality" name="editQty" time="8.187"/>
  <testcase classname="com.example.cart_functionality.CartFunctionality" name="removeBook" time="1.92"/>
  <testcase classname="com.example.cart_functionality.CartFunctionality" name="saveForLater" time="10.357"/>
  <testcase classname="com.example.cart_functionality.CartFunctionality" name="removeSaveForLater" time="8.209"/>
  <testcase classname="com.example.cart_functionality.CartFunctionality" name="checkOut" time="0.007"/>
  <testcase classname="com.example.cart_functionality.CartFunctionality" name="homePage" time="5.618"/>
</testsuite> <!-- Default test -->
