<?xml version="1.0" encoding="UTF-8"?>
<!-- Generated by org.testng.reporters.JUnitXMLReporter -->
<testsuite ignored="0" hostname="LAPTOP-YENNIFER" failures="0" tests="6" name="Default test" time="111.868" errors="0" timestamp="2024-12-27T21:48:35 WIB">
  <testcase classname="com.example.cart_functionality.CartFunctionality" name="editQty" time="5.92"/>
  <testcase classname="com.example.cart_functionality.CartFunctionality" name="removeBook" time="0.978"/>
  <testcase classname="com.example.cart_functionality.CartFunctionality" name="saveForLater" time="10.483"/>
  <testcase classname="com.example.cart_functionality.CartFunctionality" name="removeSaveForLater" time="7.935"/>
  <testcase classname="com.example.cart_functionality.CartFunctionality" name="checkOut" time="3.946"/>
  <testcase classname="com.example.cart_functionality.CartFunctionality" name="homePage" time="4.557"/>
</testsuite> <!-- Default test -->
